<?xml version="1.0" encoding="utf-8" standalone="no"?>
<!--This file represents the results of running a test suite-->
<test-results name="C:\Users\gaosh_000\Source\Repos\CSYE-6202-Spring2016\FinalProject\FinalProject.Test\bin\Debug\FinalProject.Test.dll" total="2" errors="0" failures="0" not-run="0" inconclusive="0" ignored="0" skipped="0" invalid="0" date="2016-04-27" time="16:15:04">
  <environment nunit-version="2.6.4.14350" clr-version="2.0.50727.8689" os-version="Microsoft Windows NT 6.2.9200.0" platform="Win32NT" cwd="C:\Program Files (x86)\NUnit 2.6.4\bin" machine-name="SEANGAO" user="gaosh_000" user-domain="SEANGAO" />
  <culture-info current-culture="zh-CN" current-uiculture="zh-CN" />
  <test-suite type="Assembly" name="C:\Users\gaosh_000\Source\Repos\CSYE-6202-Spring2016\FinalProject\FinalProject.Test\bin\Debug\FinalProject.Test.dll" executed="True" result="Success" success="True" time="0.161" asserts="0">
    <results>
      <test-suite type="Namespace" name="FinalProject" executed="True" result="Success" success="True" time="0.154" asserts="0">
        <results>
          <test-suite type="Namespace" name="Test" executed="True" result="Success" success="True" time="0.154" asserts="0">
            <results>
              <test-suite type="TestFixture" name="WhenRunningApplication" executed="True" result="Success" success="True" time="0.153" asserts="0">
                <results>
                  <test-case name="FinalProject.Test.WhenRunningApplication.When_UserEnteredChar_NumberCheck_ResultShouldBeFalse" executed="True" result="Success" success="True" time="0.129" asserts="1" />
                  <test-case name="FinalProject.Test.WhenRunningApplication.When_UserEnteredNumber_NumberCheck_ResultShouldBeTrue" executed="True" result="Success" success="True" time="0.000" asserts="1" />
                </results>
              </test-suite>
            </results>
          </test-suite>
        </results>
      </test-suite>
    </results>
  </test-suite>
</test-results>